c:\users\joakim\google drive\google drive\skola\programmering\oop\oop14\mycar\debug\vc120.pdb
c:\users\joakim\google drive\google drive\skola\programmering\oop\oop14\mycar\debug\vc120.idb
c:\users\joakim\google drive\google drive\skola\programmering\oop\oop14\mycar\debug\car.obj
c:\users\joakim\google drive\google drive\skola\programmering\oop\oop14\mycar\debug\main.obj
c:\users\joakim\desktop\oop14\debug\mycar.ilk
c:\users\joakim\desktop\oop14\debug\mycar.exe
c:\users\joakim\desktop\oop14\debug\mycar.pdb
c:\users\joakim\google drive\google drive\skola\programmering\oop\oop14\debug\mycar.ilk
c:\users\joakim\google drive\google drive\skola\programmering\oop\oop14\debug\mycar.exe
c:\users\joakim\google drive\google drive\skola\programmering\oop\oop14\debug\mycar.pdb
c:\users\joakim\desktop\ joakim-oop14 --username olaussonjoakim@gmail.com\mycar\debug\car.obj
c:\users\joakim\desktop\ joakim-oop14 --username olaussonjoakim@gmail.com\mycar\debug\main.obj
c:\users\joakim\desktop\ joakim-oop14 --username olaussonjoakim@gmail.com\mycar\debug\vc120.idb
c:\users\joakim\desktop\ joakim-oop14 --username olaussonjoakim@gmail.com\mycar\debug\vc120.pdb
c:\users\joakim\desktop\ joakim-oop14 --username olaussonjoakim@gmail.com\debug\mycar.pdb
c:\users\joakim\desktop\ joakim-oop14 --username olaussonjoakim@gmail.com\debug\mycar.exe
c:\users\joakim\desktop\ joakim-oop14 --username olaussonjoakim@gmail.com\debug\mycar.ilk
c:\users\joakim\desktop\ joakim-oop14 --username olaussonjoakim@gmail.com\mycar\debug\mycar.tlog\cl.command.1.tlog
c:\users\joakim\desktop\ joakim-oop14 --username olaussonjoakim@gmail.com\mycar\debug\mycar.tlog\cl.read.1.tlog
c:\users\joakim\desktop\ joakim-oop14 --username olaussonjoakim@gmail.com\mycar\debug\mycar.tlog\cl.write.1.tlog
c:\users\joakim\desktop\ joakim-oop14 --username olaussonjoakim@gmail.com\mycar\debug\mycar.tlog\link.command.1.tlog
c:\users\joakim\desktop\ joakim-oop14 --username olaussonjoakim@gmail.com\mycar\debug\mycar.tlog\link.read.1.tlog
c:\users\joakim\desktop\ joakim-oop14 --username olaussonjoakim@gmail.com\mycar\debug\mycar.tlog\link.write.1.tlog
