c:\users\joakim\google drive\google drive\skola\programmering\oop\oop14\tarning\debug\vc120.pdb
c:\users\joakim\google drive\google drive\skola\programmering\oop\oop14\tarning\debug\vc120.idb
c:\users\joakim\google drive\google drive\skola\programmering\oop\oop14\tarning\debug\dice.obj
c:\users\joakim\google drive\google drive\skola\programmering\oop\oop14\tarning\debug\main.obj
c:\users\joakim\desktop\ joakim-oop14 --username olaussonjoakim@gmail.com\tarning\debug\vc120.pdb
c:\users\joakim\desktop\ joakim-oop14 --username olaussonjoakim@gmail.com\tarning\debug\vc120.idb
c:\users\joakim\desktop\ joakim-oop14 --username olaussonjoakim@gmail.com\tarning\debug\dice.obj
c:\users\joakim\desktop\ joakim-oop14 --username olaussonjoakim@gmail.com\tarning\debug\main.obj
c:\users\joakim\google drive\google drive\skola\programmering\oop\oop14\debug\tarning.ilk
c:\users\joakim\google drive\google drive\skola\programmering\oop\oop14\debug\tarning.exe
c:\users\joakim\google drive\google drive\skola\programmering\oop\oop14\debug\tarning.pdb
c:\users\joakim\desktop\ joakim-oop14 --username olaussonjoakim@gmail.com\debug\tarning.ilk
c:\users\joakim\desktop\ joakim-oop14 --username olaussonjoakim@gmail.com\debug\tarning.exe
c:\users\joakim\desktop\ joakim-oop14 --username olaussonjoakim@gmail.com\debug\tarning.pdb
c:\users\joakim\desktop\ joakim-oop14 --username olaussonjoakim@gmail.com\tarning\debug\tarning.tlog\cl.command.1.tlog
c:\users\joakim\desktop\ joakim-oop14 --username olaussonjoakim@gmail.com\tarning\debug\tarning.tlog\cl.read.1.tlog
c:\users\joakim\desktop\ joakim-oop14 --username olaussonjoakim@gmail.com\tarning\debug\tarning.tlog\cl.write.1.tlog
c:\users\joakim\desktop\ joakim-oop14 --username olaussonjoakim@gmail.com\tarning\debug\tarning.tlog\link.command.1.tlog
c:\users\joakim\desktop\ joakim-oop14 --username olaussonjoakim@gmail.com\tarning\debug\tarning.tlog\link.read.1.tlog
c:\users\joakim\desktop\ joakim-oop14 --username olaussonjoakim@gmail.com\tarning\debug\tarning.tlog\link.write.1.tlog
